<?xml version="1.0" encoding="UTF-8" ?>
<testsuite failures="0" time="0.281" errors="0" skipped="0" tests="6" name="de.soe.web.TicTacToeControllerTest">
  <properties>
    <property name="java.runtime.name" value="Java(TM) SE Runtime Environment"/>
    <property name="sun.boot.library.path" value="/Library/Java/JavaVirtualMachines/jdk1.7.0_12.jdk/Contents/Home/jre/lib"/>
    <property name="java.vm.version" value="24.0-b26"/>
    <property name="user.country.format" value="DE"/>
    <property name="gopherProxySet" value="false"/>
    <property name="java.vm.vendor" value="Oracle Corporation"/>
    <property name="java.vendor.url" value="http://java.oracle.com/"/>
    <property name="path.separator" value=":"/>
    <property name="java.vm.name" value="Java HotSpot(TM) 64-Bit Server VM"/>
    <property name="file.encoding.pkg" value="sun.io"/>
    <property name="user.country" value="US"/>
    <property name="sun.java.launcher" value="SUN_STANDARD"/>
    <property name="sun.os.patch.level" value="unknown"/>
    <property name="java.vm.specification.name" value="Java Virtual Machine Specification"/>
    <property name="user.dir" value="/Users/kleinen/code/dojo/kata/tictactoe"/>
    <property name="java.runtime.version" value="1.7.0_12-ea-b05"/>
    <property name="java.awt.graphicsenv" value="sun.awt.CGraphicsEnvironment"/>
    <property name="basedir" value="/Users/kleinen/code/dojo/kata/tictactoe"/>
    <property name="java.endorsed.dirs" value="/Library/Java/JavaVirtualMachines/jdk1.7.0_12.jdk/Contents/Home/jre/lib/endorsed"/>
    <property name="os.arch" value="x86_64"/>
    <property name="surefire.real.class.path" value="/Users/kleinen/code/dojo/kata/tictactoe/target/surefire/surefirebooter3316080362370726897.jar"/>
    <property name="java.io.tmpdir" value="/var/folders/d2/g1dw9q5n78sdhq9d3t6_252m0000gn/T/"/>
    <property name="line.separator" value="
"/>
    <property name="java.vm.specification.vendor" value="Oracle Corporation"/>
    <property name="os.name" value="Mac OS X"/>
    <property name="sun.jnu.encoding" value="UTF-8"/>
    <property name="java.library.path" value="/Users/kleinen/Library/Java/Extensions:/Library/Java/Extensions:/Network/Library/Java/Extensions:/System/Library/Java/Extensions:/usr/lib/java:."/>
    <property name="surefire.test.class.path" value="/Users/kleinen/code/dojo/kata/tictactoe/target/test-classes:/Users/kleinen/code/dojo/kata/tictactoe/target/classes:/Users/kleinen/.m2/repository/org/springframework/spring-core/3.1.2.RELEASE/spring-core-3.1.2.RELEASE.jar:/Users/kleinen/.m2/repository/org/springframework/spring-asm/3.1.2.RELEASE/spring-asm-3.1.2.RELEASE.jar:/Users/kleinen/.m2/repository/commons-logging/commons-logging/1.1.1/commons-logging-1.1.1.jar:/Users/kleinen/.m2/repository/org/springframework/spring-context/3.1.2.RELEASE/spring-context-3.1.2.RELEASE.jar:/Users/kleinen/.m2/repository/org/springframework/spring-aop/3.1.2.RELEASE/spring-aop-3.1.2.RELEASE.jar:/Users/kleinen/.m2/repository/aopalliance/aopalliance/1.0/aopalliance-1.0.jar:/Users/kleinen/.m2/repository/org/springframework/spring-expression/3.1.2.RELEASE/spring-expression-3.1.2.RELEASE.jar:/Users/kleinen/.m2/repository/org/springframework/spring-webmvc/3.1.2.RELEASE/spring-webmvc-3.1.2.RELEASE.jar:/Users/kleinen/.m2/repository/org/springframework/spring-context-support/3.1.2.RELEASE/spring-context-support-3.1.2.RELEASE.jar:/Users/kleinen/.m2/repository/org/springframework/spring-web/3.1.2.RELEASE/spring-web-3.1.2.RELEASE.jar:/Users/kleinen/.m2/repository/org/springframework/spring-beans/3.1.2.RELEASE/spring-beans-3.1.2.RELEASE.jar:/Users/kleinen/.m2/repository/javax/servlet/servlet-api/2.5/servlet-api-2.5.jar:/Users/kleinen/.m2/repository/javax/servlet/jsp/jsp-api/2.1/jsp-api-2.1.jar:/Users/kleinen/.m2/repository/javax/servlet/jstl/1.2/jstl-1.2.jar:/Users/kleinen/.m2/repository/javax/el/el-api/1.0/el-api-1.0.jar:/Users/kleinen/.m2/repository/com/google/guava/guava/13.0.1/guava-13.0.1.jar:/Users/kleinen/.m2/repository/junit/junit-dep/4.10/junit-dep-4.10.jar:/Users/kleinen/.m2/repository/org/easymock/easymock/3.1/easymock-3.1.jar:/Users/kleinen/.m2/repository/cglib/cglib-nodep/2.2.2/cglib-nodep-2.2.2.jar:/Users/kleinen/.m2/repository/org/objenesis/objenesis/1.2/objenesis-1.2.jar:/Users/kleinen/.m2/repository/org/hamcrest/hamcrest-library/1.3/hamcrest-library-1.3.jar:/Users/kleinen/.m2/repository/org/hamcrest/hamcrest-core/1.3/hamcrest-core-1.3.jar:"/>
    <property name="java.specification.name" value="Java Platform API Specification"/>
    <property name="java.class.version" value="51.0"/>
    <property name="sun.management.compiler" value="HotSpot 64-Bit Tiered Compilers"/>
    <property name="os.version" value="10.7.5"/>
    <property name="user.home" value="/Users/kleinen"/>
    <property name="user.timezone" value=""/>
    <property name="java.awt.printerjob" value="sun.lwawt.macosx.CPrinterJob"/>
    <property name="java.specification.version" value="1.7"/>
    <property name="file.encoding" value="UTF-8"/>
    <property name="user.name" value="kleinen"/>
    <property name="java.class.path" value="/Users/kleinen/code/dojo/kata/tictactoe/target/test-classes:/Users/kleinen/code/dojo/kata/tictactoe/target/classes:/Users/kleinen/.m2/repository/org/springframework/spring-core/3.1.2.RELEASE/spring-core-3.1.2.RELEASE.jar:/Users/kleinen/.m2/repository/org/springframework/spring-asm/3.1.2.RELEASE/spring-asm-3.1.2.RELEASE.jar:/Users/kleinen/.m2/repository/commons-logging/commons-logging/1.1.1/commons-logging-1.1.1.jar:/Users/kleinen/.m2/repository/org/springframework/spring-context/3.1.2.RELEASE/spring-context-3.1.2.RELEASE.jar:/Users/kleinen/.m2/repository/org/springframework/spring-aop/3.1.2.RELEASE/spring-aop-3.1.2.RELEASE.jar:/Users/kleinen/.m2/repository/aopalliance/aopalliance/1.0/aopalliance-1.0.jar:/Users/kleinen/.m2/repository/org/springframework/spring-expression/3.1.2.RELEASE/spring-expression-3.1.2.RELEASE.jar:/Users/kleinen/.m2/repository/org/springframework/spring-webmvc/3.1.2.RELEASE/spring-webmvc-3.1.2.RELEASE.jar:/Users/kleinen/.m2/repository/org/springframework/spring-context-support/3.1.2.RELEASE/spring-context-support-3.1.2.RELEASE.jar:/Users/kleinen/.m2/repository/org/springframework/spring-web/3.1.2.RELEASE/spring-web-3.1.2.RELEASE.jar:/Users/kleinen/.m2/repository/org/springframework/spring-beans/3.1.2.RELEASE/spring-beans-3.1.2.RELEASE.jar:/Users/kleinen/.m2/repository/javax/servlet/servlet-api/2.5/servlet-api-2.5.jar:/Users/kleinen/.m2/repository/javax/servlet/jsp/jsp-api/2.1/jsp-api-2.1.jar:/Users/kleinen/.m2/repository/javax/servlet/jstl/1.2/jstl-1.2.jar:/Users/kleinen/.m2/repository/javax/el/el-api/1.0/el-api-1.0.jar:/Users/kleinen/.m2/repository/com/google/guava/guava/13.0.1/guava-13.0.1.jar:/Users/kleinen/.m2/repository/junit/junit-dep/4.10/junit-dep-4.10.jar:/Users/kleinen/.m2/repository/org/easymock/easymock/3.1/easymock-3.1.jar:/Users/kleinen/.m2/repository/cglib/cglib-nodep/2.2.2/cglib-nodep-2.2.2.jar:/Users/kleinen/.m2/repository/org/objenesis/objenesis/1.2/objenesis-1.2.jar:/Users/kleinen/.m2/repository/org/hamcrest/hamcrest-library/1.3/hamcrest-library-1.3.jar:/Users/kleinen/.m2/repository/org/hamcrest/hamcrest-core/1.3/hamcrest-core-1.3.jar:"/>
    <property name="java.vm.specification.version" value="1.7"/>
    <property name="sun.arch.data.model" value="64"/>
    <property name="java.home" value="/Library/Java/JavaVirtualMachines/jdk1.7.0_12.jdk/Contents/Home/jre"/>
    <property name="sun.java.command" value="/Users/kleinen/code/dojo/kata/tictactoe/target/surefire/surefirebooter3316080362370726897.jar /Users/kleinen/code/dojo/kata/tictactoe/target/surefire/surefire7585917116791231119tmp /Users/kleinen/code/dojo/kata/tictactoe/target/surefire/surefire2067700733862642109tmp"/>
    <property name="java.specification.vendor" value="Oracle Corporation"/>
    <property name="user.language" value="en"/>
    <property name="awt.toolkit" value="sun.lwawt.macosx.LWCToolkit"/>
    <property name="java.vm.info" value="mixed mode"/>
    <property name="java.version" value="1.7.0_12-ea"/>
    <property name="java.ext.dirs" value="/Users/kleinen/Library/Java/Extensions:/Library/Java/JavaVirtualMachines/jdk1.7.0_12.jdk/Contents/Home/jre/lib/ext:/Library/Java/Extensions:/Network/Library/Java/Extensions:/System/Library/Java/Extensions:/usr/lib/java"/>
    <property name="sun.boot.class.path" value="/Library/Java/JavaVirtualMachines/jdk1.7.0_12.jdk/Contents/Home/jre/lib/resources.jar:/Library/Java/JavaVirtualMachines/jdk1.7.0_12.jdk/Contents/Home/jre/lib/rt.jar:/Library/Java/JavaVirtualMachines/jdk1.7.0_12.jdk/Contents/Home/jre/lib/sunrsasign.jar:/Library/Java/JavaVirtualMachines/jdk1.7.0_12.jdk/Contents/Home/jre/lib/jsse.jar:/Library/Java/JavaVirtualMachines/jdk1.7.0_12.jdk/Contents/Home/jre/lib/jce.jar:/Library/Java/JavaVirtualMachines/jdk1.7.0_12.jdk/Contents/Home/jre/lib/charsets.jar:/Library/Java/JavaVirtualMachines/jdk1.7.0_12.jdk/Contents/Home/jre/lib/jfr.jar:/Library/Java/JavaVirtualMachines/jdk1.7.0_12.jdk/Contents/Home/jre/lib/JObjC.jar:/Library/Java/JavaVirtualMachines/jdk1.7.0_12.jdk/Contents/Home/jre/classes"/>
    <property name="java.vendor" value="Oracle Corporation"/>
    <property name="localRepository" value="/Users/kleinen/.m2/repository"/>
    <property name="file.separator" value="/"/>
    <property name="java.vendor.url.bug" value="http://bugreport.sun.com/bugreport/"/>
    <property name="sun.cpu.endian" value="little"/>
    <property name="sun.io.unicode.encoding" value="UnicodeBig"/>
    <property name="sun.cpu.isalist" value=""/>
  </properties>
  <testcase time="0.231" classname="de.soe.web.TicTacToeControllerTest" name="test_show_new_game"/>
  <testcase time="0.024" classname="de.soe.web.TicTacToeControllerTest" name="test_show_found_not_solved_game"/>
  <testcase time="0.011" classname="de.soe.web.TicTacToeControllerTest" name="test_show_solved_game"/>
  <testcase time="0.001" classname="de.soe.web.TicTacToeControllerTest" name="process_form_fail_to_initialize_game"/>
  <testcase time="0" classname="de.soe.web.TicTacToeControllerTest" name="process_form_initialize_game"/>
  <testcase time="0.002" classname="de.soe.web.TicTacToeControllerTest" name="process_form_play_game"/>
</testsuite>